/** A change.log
*** for TumblrTweaks.
*** Woodrow Shigeru ( woodrow.shigeru@gmx.net )
**/


  ________
[[ v0.3.1 ]]
  ¯¯¯¯¯¯¯¯

· (( 2o16-o7-14 ))

New feature:
    Finally implemented a long-planned module,
    "repair_external_links".

Optimization, update:
    Modified the environment analysis. And repaired the
    previously established module "redirect_overwrite".


· (( 2o16-o7-14 ))

Structure:
    Expanded the manifest and environment analysis to also
    cover direct URLs to images.

New feature:
    Injected a simple image controller.


· (( 2o16-o3-12 ))

Concept:
    Planned the upcoming public release, and partially
    beyond.


Structure:
    Applied a more modern and reliable source methodology, 
    with more gusto.



eof.
